2018-12-26 11:16:32,836 - INFO - Start running, host: ubuntu@ubun, work_dir: /home/ubuntu/suliang_git/mmdetection/ex2_rpn_r50_train/work_dirs/rpn_r50_fpn_1x
2018-12-26 11:16:32,837 - INFO - workflow: [('train', 1)], max: 12 epochs
2018-12-26 11:34:51,659 - INFO - Start running, host: ubuntu@ubun, work_dir: /home/ubuntu/suliang_git/mmdetection/ex2_rpn_r50_train/work_dirs/rpn_r50_fpn_1x
2018-12-26 11:34:52,299 - INFO - workflow: [('train', 1)], max: 12 epochs
2018-12-26 12:20:19,636 - INFO - Start running, host: ubuntu@ubun, work_dir: /home/ubuntu/suliang_git/mmdetection/ex3_ssd300_voc_train/work_dirs/ssd300_voc
2018-12-26 12:20:19,637 - INFO - workflow: [('train', 1)], max: 24 epochs
2018-12-26 12:20:29,495 - INFO - Epoch [1][50/20689]	lr: 0.00040, eta: 1 day, 3:11:13, time: 0.197, data_time: 0.017, loss_cls: 14.3356, loss_reg: 2.8280, loss: 17.1636
2018-12-26 12:20:38,758 - INFO - Epoch [1][100/20689]	lr: 0.00047, eta: 1 day, 2:21:52, time: 0.185, data_time: 0.006, loss_cls: 13.5362, loss_reg: 2.8341, loss: 16.3702
2018-12-26 12:20:48,000 - INFO - Epoch [1][150/20689]	lr: 0.00053, eta: 1 day, 2:04:12, time: 0.185, data_time: 0.006, loss_cls: 13.3639, loss_reg: 2.8734, loss: 16.2373
2018-12-26 12:20:57,174 - INFO - Epoch [1][200/20689]	lr: 0.00060, eta: 1 day, 1:52:25, time: 0.183, data_time: 0.006, loss_cls: 10.8381, loss_reg: 2.8787, loss: 13.7168
2018-12-26 12:21:06,368 - INFO - Epoch [1][250/20689]	lr: 0.00067, eta: 1 day, 1:46:01, time: 0.184, data_time: 0.006, loss_cls: 8.9730, loss_reg: 2.8603, loss: 11.8333
2018-12-26 12:21:16,003 - INFO - Epoch [1][300/20689]	lr: 0.00073, eta: 1 day, 1:53:48, time: 0.193, data_time: 0.007, loss_cls: 8.6292, loss_reg: 2.6778, loss: 11.3070
2018-12-26 12:21:25,661 - INFO - Epoch [1][350/20689]	lr: 0.00080, eta: 1 day, 1:59:52, time: 0.193, data_time: 0.007, loss_cls: 8.9821, loss_reg: 2.7040, loss: 11.6860
2018-12-26 12:21:35,359 - INFO - Epoch [1][400/20689]	lr: 0.00087, eta: 1 day, 2:05:14, time: 0.194, data_time: 0.005, loss_cls: 7.7034, loss_reg: 2.5828, loss: 10.2862
2018-12-26 12:21:44,711 - INFO - Epoch [1][450/20689]	lr: 0.00093, eta: 1 day, 2:02:59, time: 0.187, data_time: 0.005, loss_cls: 8.9360, loss_reg: 2.6712, loss: 11.6073
2018-12-26 12:21:53,863 - INFO - Epoch [1][500/20689]	lr: 0.00100, eta: 1 day, 1:57:52, time: 0.183, data_time: 0.005, loss_cls: 10.1225, loss_reg: 2.6937, loss: 12.8162
2018-12-26 12:22:02,892 - INFO - Epoch [1][550/20689]	lr: 0.00100, eta: 1 day, 1:51:47, time: 0.181, data_time: 0.006, loss_cls: 9.8150, loss_reg: 2.5937, loss: 12.4088
2018-12-26 12:22:11,993 - INFO - Epoch [1][600/20689]	lr: 0.00100, eta: 1 day, 1:47:42, time: 0.182, data_time: 0.006, loss_cls: 9.4705, loss_reg: 2.6719, loss: 12.1423
2018-12-26 12:22:20,986 - INFO - Epoch [1][650/20689]	lr: 0.00100, eta: 1 day, 1:42:51, time: 0.180, data_time: 0.005, loss_cls: 7.9058, loss_reg: 2.5553, loss: 10.4612
2018-12-26 12:22:30,088 - INFO - Epoch [1][700/20689]	lr: 0.00100, eta: 1 day, 1:39:56, time: 0.182, data_time: 0.005, loss_cls: 9.5948, loss_reg: 2.6184, loss: 12.2132
2018-12-26 12:22:39,303 - INFO - Epoch [1][750/20689]	lr: 0.00100, eta: 1 day, 1:38:40, time: 0.184, data_time: 0.006, loss_cls: 8.8799, loss_reg: 2.6747, loss: 11.5546
2018-12-26 12:22:48,679 - INFO - Epoch [1][800/20689]	lr: 0.00100, eta: 1 day, 1:39:10, time: 0.187, data_time: 0.006, loss_cls: 8.7873, loss_reg: 2.5892, loss: 11.3765
2018-12-26 12:22:58,010 - INFO - Epoch [1][850/20689]	lr: 0.00100, eta: 1 day, 1:39:10, time: 0.187, data_time: 0.006, loss_cls: 9.9520, loss_reg: 2.6075, loss: 12.5595
2018-12-26 12:23:07,450 - INFO - Epoch [1][900/20689]	lr: 0.00100, eta: 1 day, 1:40:09, time: 0.189, data_time: 0.006, loss_cls: 9.6771, loss_reg: 2.6925, loss: 12.3696
2018-12-26 12:23:16,651 - INFO - Epoch [1][950/20689]	lr: 0.00100, eta: 1 day, 1:38:57, time: 0.184, data_time: 0.006, loss_cls: 12.4936, loss_reg: 2.6337, loss: 15.1273
2018-12-26 12:23:25,872 - INFO - Epoch [1][1000/20689]	lr: 0.00100, eta: 1 day, 1:38:00, time: 0.184, data_time: 0.006, loss_cls: 9.7841, loss_reg: 2.6737, loss: 12.4578
2018-12-26 12:23:34,909 - INFO - Epoch [1][1050/20689]	lr: 0.00100, eta: 1 day, 1:35:41, time: 0.181, data_time: 0.005, loss_cls: 9.1945, loss_reg: 2.6846, loss: 11.8790
2018-12-26 12:23:44,016 - INFO - Epoch [1][1100/20689]	lr: 0.00100, eta: 1 day, 1:34:06, time: 0.182, data_time: 0.005, loss_cls: 8.0104, loss_reg: 2.6522, loss: 10.6626
2018-12-26 12:23:53,042 - INFO - Epoch [1][1150/20689]	lr: 0.00100, eta: 1 day, 1:32:03, time: 0.181, data_time: 0.006, loss_cls: 8.6965, loss_reg: 2.5804, loss: 11.2769
2018-12-26 12:24:02,151 - INFO - Epoch [1][1200/20689]	lr: 0.00100, eta: 1 day, 1:30:44, time: 0.182, data_time: 0.006, loss_cls: 9.9062, loss_reg: 2.5554, loss: 12.4616
2018-12-26 12:24:11,247 - INFO - Epoch [1][1250/20689]	lr: 0.00100, eta: 1 day, 1:29:25, time: 0.182, data_time: 0.005, loss_cls: 8.0228, loss_reg: 2.5882, loss: 10.6111
2018-12-26 12:24:20,361 - INFO - Epoch [1][1300/20689]	lr: 0.00100, eta: 1 day, 1:28:18, time: 0.182, data_time: 0.006, loss_cls: 8.0287, loss_reg: 2.6108, loss: 10.6394
2018-12-26 12:24:29,602 - INFO - Epoch [1][1350/20689]	lr: 0.00100, eta: 1 day, 1:28:03, time: 0.185, data_time: 0.005, loss_cls: 8.3587, loss_reg: 2.4380, loss: 10.7967
2018-12-26 12:24:38,789 - INFO - Epoch [1][1400/20689]	lr: 0.00100, eta: 1 day, 1:27:28, time: 0.184, data_time: 0.006, loss_cls: 7.6964, loss_reg: 2.4960, loss: 10.1924
2018-12-26 12:24:47,943 - INFO - Epoch [1][1450/20689]	lr: 0.00100, eta: 1 day, 1:26:44, time: 0.183, data_time: 0.005, loss_cls: 8.3745, loss_reg: 2.5590, loss: 10.9335
2018-12-26 13:28:07,576 - INFO - Start running, host: ubuntu@ubun, work_dir: /home/ubuntu/suliang_git/mmdetection/ex4_faster_rcnn_r50_fpn_voc0712/work_dirs/faster_rcnn_r50_fpn_1x_voc0712
2018-12-26 13:28:07,577 - INFO - workflow: [('train', 1)], max: 4 epochs
2018-12-26 13:28:28,235 - INFO - Epoch [1][50/12414]	lr: 0.01000, eta: 5:41:33, time: 0.413, data_time: 0.013, loss_rpn_cls: 0.1332, loss_rpn_reg: 0.0163, loss_cls: 0.3723, acc: 94.9619, loss_reg: 0.1039, loss: 0.6257
2018-12-26 13:28:49,117 - INFO - Epoch [1][100/12414]	lr: 0.01000, eta: 5:43:04, time: 0.418, data_time: 0.005, loss_rpn_cls: 0.0605, loss_rpn_reg: 0.0131, loss_cls: 0.2745, acc: 95.2783, loss_reg: 0.1194, loss: 0.4675
2018-12-26 13:49:14,361 - INFO - Start running, host: ubuntu@ubun, work_dir: /home/ubuntu/suliang_git/mmdetection/ex2_rpn_r50_train/work_dirs/rpn_r50_fpn_1x
2018-12-26 13:49:14,362 - INFO - workflow: [('train', 1)], max: 2 epochs
2018-12-26 14:25:54,207 - INFO - Start running, host: ubuntu@ubun, work_dir: /home/ubuntu/suliang_git/mmdetection/ex2_rpn_r50_train/work_dirs/rpn_r50_fpn_1x
2018-12-26 14:25:54,207 - INFO - workflow: [('train', 1)], max: 2 epochs
2018-12-26 14:26:09,000 - INFO - Epoch [1][50/12414]	lr: 0.00199, eta: 2:02:09, time: 0.296, data_time: 0.012, loss_rpn_cls: 0.3675, loss_rpn_reg: 0.0175, loss: 0.3850
2018-12-26 14:26:23,405 - INFO - Epoch [1][100/12414]	lr: 0.00233, eta: 2:00:19, time: 0.288, data_time: 0.004, loss_rpn_cls: 0.0510, loss_rpn_reg: 0.0148, loss: 0.0658
2018-12-26 14:26:37,989 - INFO - Epoch [1][150/12414]	lr: 0.00266, eta: 2:00:02, time: 0.292, data_time: 0.004, loss_rpn_cls: 0.0492, loss_rpn_reg: 0.0133, loss: 0.0625
2018-12-26 15:24:43,137 - INFO - Start running, host: ubuntu@ubun, work_dir: /home/ubuntu/suliang_git/mmdetection/ex2_rpn_r50_train/work_dirs/rpn_r50_fpn_1x
2018-12-26 15:24:43,138 - INFO - workflow: [('train', 1)], max: 1 epochs
2018-12-26 15:24:58,264 - INFO - Epoch [1][50/12414]	lr: 0.00199, eta: 1:02:19, time: 0.302, data_time: 0.012, loss_rpn_cls: 0.3313, loss_rpn_reg: 0.0151, loss: 0.3463
2018-12-26 15:25:12,781 - INFO - Epoch [1][100/12414]	lr: 0.00233, eta: 1:00:49, time: 0.290, data_time: 0.004, loss_rpn_cls: 0.0735, loss_rpn_reg: 0.0155, loss: 0.0890
2018-12-26 15:25:27,464 - INFO - Epoch [1][150/12414]	lr: 0.00266, eta: 1:00:23, time: 0.294, data_time: 0.004, loss_rpn_cls: 0.0594, loss_rpn_reg: 0.0154, loss: 0.0749
2018-12-26 15:25:42,017 - INFO - Epoch [1][200/12414]	lr: 0.00299, eta: 0:59:55, time: 0.291, data_time: 0.004, loss_rpn_cls: 0.0509, loss_rpn_reg: 0.0142, loss: 0.0651
2018-12-26 15:25:56,542 - INFO - Epoch [1][250/12414]	lr: 0.00333, eta: 0:59:31, time: 0.290, data_time: 0.004, loss_rpn_cls: 0.0467, loss_rpn_reg: 0.0129, loss: 0.0595
2018-12-26 15:26:11,177 - INFO - Epoch [1][300/12414]	lr: 0.00366, eta: 0:59:14, time: 0.293, data_time: 0.004, loss_rpn_cls: 0.0357, loss_rpn_reg: 0.0113, loss: 0.0470
2018-12-26 15:26:26,006 - INFO - Epoch [1][350/12414]	lr: 0.00399, eta: 0:59:05, time: 0.297, data_time: 0.004, loss_rpn_cls: 0.0447, loss_rpn_reg: 0.0152, loss: 0.0599
2018-12-26 15:26:41,042 - INFO - Epoch [1][400/12414]	lr: 0.00433, eta: 0:59:01, time: 0.301, data_time: 0.005, loss_rpn_cls: 0.0357, loss_rpn_reg: 0.0122, loss: 0.0478
2018-12-26 15:26:55,475 - INFO - Epoch [1][450/12414]	lr: 0.00466, eta: 0:58:38, time: 0.289, data_time: 0.005, loss_rpn_cls: 0.0398, loss_rpn_reg: 0.0127, loss: 0.0524
2018-12-26 15:27:09,895 - INFO - Epoch [1][500/12414]	lr: 0.00499, eta: 0:58:16, time: 0.288, data_time: 0.005, loss_rpn_cls: 0.0449, loss_rpn_reg: 0.0170, loss: 0.0619
2018-12-26 15:27:23,963 - INFO - Epoch [1][550/12414]	lr: 0.00500, eta: 0:57:49, time: 0.281, data_time: 0.005, loss_rpn_cls: 0.0377, loss_rpn_reg: 0.0125, loss: 0.0501
2018-12-26 15:27:38,061 - INFO - Epoch [1][600/12414]	lr: 0.00500, eta: 0:57:24, time: 0.282, data_time: 0.004, loss_rpn_cls: 0.0410, loss_rpn_reg: 0.0152, loss: 0.0561
2018-12-26 15:27:52,464 - INFO - Epoch [1][650/12414]	lr: 0.00500, eta: 0:57:06, time: 0.288, data_time: 0.005, loss_rpn_cls: 0.0356, loss_rpn_reg: 0.0144, loss: 0.0499
2018-12-26 15:28:06,374 - INFO - Epoch [1][700/12414]	lr: 0.00500, eta: 0:56:40, time: 0.278, data_time: 0.005, loss_rpn_cls: 0.0368, loss_rpn_reg: 0.0128, loss: 0.0496
2018-12-26 15:28:20,879 - INFO - Epoch [1][750/12414]	lr: 0.00500, eta: 0:56:26, time: 0.290, data_time: 0.005, loss_rpn_cls: 0.0370, loss_rpn_reg: 0.0136, loss: 0.0507
2018-12-26 15:28:35,098 - INFO - Epoch [1][800/12414]	lr: 0.00500, eta: 0:56:07, time: 0.284, data_time: 0.005, loss_rpn_cls: 0.0365, loss_rpn_reg: 0.0136, loss: 0.0501
2018-12-26 15:28:49,521 - INFO - Epoch [1][850/12414]	lr: 0.00500, eta: 0:55:51, time: 0.288, data_time: 0.005, loss_rpn_cls: 0.0355, loss_rpn_reg: 0.0126, loss: 0.0481
2018-12-26 15:29:04,084 - INFO - Epoch [1][900/12414]	lr: 0.00500, eta: 0:55:38, time: 0.291, data_time: 0.004, loss_rpn_cls: 0.0366, loss_rpn_reg: 0.0133, loss: 0.0500
2018-12-26 15:29:18,480 - INFO - Epoch [1][950/12414]	lr: 0.00500, eta: 0:55:22, time: 0.288, data_time: 0.005, loss_rpn_cls: 0.0311, loss_rpn_reg: 0.0131, loss: 0.0442
2018-12-26 15:29:33,100 - INFO - Epoch [1][1000/12414]	lr: 0.00500, eta: 0:55:09, time: 0.292, data_time: 0.005, loss_rpn_cls: 0.0284, loss_rpn_reg: 0.0122, loss: 0.0406
2018-12-26 15:29:47,965 - INFO - Epoch [1][1050/12414]	lr: 0.00500, eta: 0:54:59, time: 0.297, data_time: 0.005, loss_rpn_cls: 0.0357, loss_rpn_reg: 0.0129, loss: 0.0486
2018-12-26 15:30:02,148 - INFO - Epoch [1][1100/12414]	lr: 0.00500, eta: 0:54:41, time: 0.284, data_time: 0.005, loss_rpn_cls: 0.0360, loss_rpn_reg: 0.0123, loss: 0.0482
2018-12-26 15:30:17,074 - INFO - Epoch [1][1150/12414]	lr: 0.00500, eta: 0:54:30, time: 0.299, data_time: 0.005, loss_rpn_cls: 0.0376, loss_rpn_reg: 0.0156, loss: 0.0533
2018-12-26 15:30:31,213 - INFO - Epoch [1][1200/12414]	lr: 0.00500, eta: 0:54:12, time: 0.283, data_time: 0.005, loss_rpn_cls: 0.0282, loss_rpn_reg: 0.0128, loss: 0.0410
2018-12-26 15:30:45,459 - INFO - Epoch [1][1250/12414]	lr: 0.00500, eta: 0:53:55, time: 0.285, data_time: 0.005, loss_rpn_cls: 0.0286, loss_rpn_reg: 0.0126, loss: 0.0412
2018-12-26 15:31:00,756 - INFO - Epoch [1][1300/12414]	lr: 0.00500, eta: 0:53:48, time: 0.306, data_time: 0.005, loss_rpn_cls: 0.0308, loss_rpn_reg: 0.0120, loss: 0.0427
2018-12-26 15:31:15,313 - INFO - Epoch [1][1350/12414]	lr: 0.00500, eta: 0:53:34, time: 0.291, data_time: 0.004, loss_rpn_cls: 0.0294, loss_rpn_reg: 0.0124, loss: 0.0418
2018-12-26 15:31:30,137 - INFO - Epoch [1][1400/12414]	lr: 0.00500, eta: 0:53:21, time: 0.296, data_time: 0.005, loss_rpn_cls: 0.0298, loss_rpn_reg: 0.0141, loss: 0.0439
2018-12-26 15:31:45,150 - INFO - Epoch [1][1450/12414]	lr: 0.00500, eta: 0:53:10, time: 0.300, data_time: 0.004, loss_rpn_cls: 0.0284, loss_rpn_reg: 0.0130, loss: 0.0413
2018-12-26 15:32:00,111 - INFO - Epoch [1][1500/12414]	lr: 0.00500, eta: 0:52:59, time: 0.299, data_time: 0.005, loss_rpn_cls: 0.0276, loss_rpn_reg: 0.0135, loss: 0.0411
2018-12-26 15:32:14,744 - INFO - Epoch [1][1550/12414]	lr: 0.00500, eta: 0:52:45, time: 0.293, data_time: 0.005, loss_rpn_cls: 0.0308, loss_rpn_reg: 0.0129, loss: 0.0437
2018-12-26 15:32:29,653 - INFO - Epoch [1][1600/12414]	lr: 0.00500, eta: 0:52:32, time: 0.298, data_time: 0.005, loss_rpn_cls: 0.0312, loss_rpn_reg: 0.0150, loss: 0.0462
2018-12-26 15:32:44,401 - INFO - Epoch [1][1650/12414]	lr: 0.00500, eta: 0:52:19, time: 0.295, data_time: 0.005, loss_rpn_cls: 0.0227, loss_rpn_reg: 0.0125, loss: 0.0351
2018-12-26 17:06:40,400 - INFO - Start running, host: ubuntu@ubun, work_dir: /home/ubuntu/suliang_git/mmdetection/ex2_rpn_r50_train/work_dirs/rpn_r50_fpn_1x
2018-12-26 17:06:41,327 - INFO - workflow: [('train', 1)], max: 1 epochs
2018-12-26 17:21:41,437 - INFO - Start running, host: ubuntu@ubun, work_dir: /home/ubuntu/suliang_git/mmdetection/ex2_rpn_r50_train/work_dirs/rpn_r50_fpn_1x
2018-12-26 17:21:41,950 - INFO - workflow: [('train', 1)], max: 1 epochs
